<?xml version="1.0" encoding="UTF-8"?>
<!-- Generated by org.testng.reporters.JUnitXMLReporter -->
<testsuite ignored="0" hostname="LAPTOP-KAR4A207" failures="0" tests="4" name="Default test" time="1.258" errors="0" timestamp="2024-12-01T18:46:59 IST">
  <testcase classname="DataDriven.ExcelDataProvider.dataProvider" name="testCaseData" time="0.009"/>
  <testcase classname="DataDriven.ExcelDataProvider.dataProvider" name="testCaseData" time="0.003"/>
  <testcase classname="DataDriven.ExcelDataProvider.dataProvider" name="testCaseData" time="0.001"/>
  <testcase classname="DataDriven.ExcelDataProvider.dataProvider" name="testCaseData" time="0.001"/>
</testsuite> <!-- Default test -->
