<?xml version="1.0" encoding="UTF-8"?>
<testng-results ignored="0" total="1" passed="1" failed="0" skipped="0">
  <reporter-output>
  </reporter-output>
  <suite started-at="2024-11-26T11:36:13 IST" name="Default suite" finished-at="2024-11-26T11:36:28 IST" duration-ms="15233">
    <groups>
    </groups>
    <test started-at="2024-11-26T11:36:13 IST" name="Default test" finished-at="2024-11-26T11:36:28 IST" duration-ms="15233">
      <class name="Santhosh.ExtentReports.ExtentReportsUpdated">
        <test-method is-config="true" signature="config()[pri:0, instance:Santhosh.ExtentReports.ExtentReportsUpdated@7ef82753]" started-at="2024-11-26T11:36:13 IST" name="config" finished-at="2024-11-26T11:36:13 IST" duration-ms="552" status="PASS">
          <reporter-output>
          </reporter-output>
        </test-method> <!-- config -->
        <test-method signature="InitialDemo()[pri:0, instance:Santhosh.ExtentReports.ExtentReportsUpdated@7ef82753]" started-at="2024-11-26T11:36:13 IST" name="InitialDemo" finished-at="2024-11-26T11:36:28 IST" duration-ms="14609" status="PASS">
          <reporter-output>
          </reporter-output>
        </test-method> <!-- InitialDemo -->
      </class> <!-- Santhosh.ExtentReports.ExtentReportsUpdated -->
    </test> <!-- Default test -->
  </suite> <!-- Default suite -->
</testng-results>
