<?xml version="1.0" encoding="UTF-8"?>
<testng-results ignored="0" total="4" passed="4" failed="0" skipped="0">
  <reporter-output>
  </reporter-output>
  <suite started-at="2024-12-01T18:46:58 IST" name="Default suite" finished-at="2024-12-01T18:46:59 IST" duration-ms="1258">
    <groups>
    </groups>
    <test started-at="2024-12-01T18:46:58 IST" name="Default test" finished-at="2024-12-01T18:46:59 IST" duration-ms="1258">
      <class name="DataDriven.ExcelDataProvider.dataProvider">
        <test-method signature="testCaseData(java.lang.String,java.lang.String,java.lang.String)[pri:0, instance:DataDriven.ExcelDataProvider.dataProvider@8c3b9d]" started-at="2024-12-01T18:46:59 IST" name="testCaseData" data-provider="driveTest" finished-at="2024-12-01T18:46:59 IST" duration-ms="9" status="PASS">
          <params>
            <param index="0">
              <value>
                <![CDATA[Hello ]]>
              </value>
            </param>
            <param index="1">
              <value>
                <![CDATA[Santhosh Kumaran S]]>
              </value>
            </param>
            <param index="2">
              <value>
                <![CDATA[244]]>
              </value>
            </param>
          </params>
          <reporter-output>
          </reporter-output>
        </test-method> <!-- testCaseData -->
        <test-method signature="testCaseData(java.lang.String,java.lang.String,java.lang.String)[pri:0, instance:DataDriven.ExcelDataProvider.dataProvider@8c3b9d]" started-at="2024-12-01T18:46:59 IST" name="testCaseData" data-provider="driveTest" finished-at="2024-12-01T18:46:59 IST" duration-ms="3" status="PASS">
          <params>
            <param index="0">
              <value>
                <![CDATA[Hello ]]>
              </value>
            </param>
            <param index="1">
              <value>
                <![CDATA[Sanjay Kumaran S]]>
              </value>
            </param>
            <param index="2">
              <value>
                <![CDATA[245]]>
              </value>
            </param>
          </params>
          <reporter-output>
          </reporter-output>
        </test-method> <!-- testCaseData -->
        <test-method signature="testCaseData(java.lang.String,java.lang.String,java.lang.String)[pri:0, instance:DataDriven.ExcelDataProvider.dataProvider@8c3b9d]" started-at="2024-12-01T18:46:59 IST" name="testCaseData" data-provider="driveTest" finished-at="2024-12-01T18:46:59 IST" duration-ms="1" status="PASS">
          <params>
            <param index="0">
              <value>
                <![CDATA[Hello ]]>
              </value>
            </param>
            <param index="1">
              <value>
                <![CDATA[Umasankari]]>
              </value>
            </param>
            <param index="2">
              <value>
                <![CDATA[246]]>
              </value>
            </param>
          </params>
          <reporter-output>
          </reporter-output>
        </test-method> <!-- testCaseData -->
        <test-method signature="testCaseData(java.lang.String,java.lang.String,java.lang.String)[pri:0, instance:DataDriven.ExcelDataProvider.dataProvider@8c3b9d]" started-at="2024-12-01T18:46:59 IST" name="testCaseData" data-provider="driveTest" finished-at="2024-12-01T18:46:59 IST" duration-ms="1" status="PASS">
          <params>
            <param index="0">
              <value>
                <![CDATA[Hello ]]>
              </value>
            </param>
            <param index="1">
              <value>
                <![CDATA[Srinivasan]]>
              </value>
            </param>
            <param index="2">
              <value>
                <![CDATA[247]]>
              </value>
            </param>
          </params>
          <reporter-output>
          </reporter-output>
        </test-method> <!-- testCaseData -->
      </class> <!-- DataDriven.ExcelDataProvider.dataProvider -->
    </test> <!-- Default test -->
  </suite> <!-- Default suite -->
</testng-results>
