<?xml version="1.0" encoding="UTF-8"?>
<!-- Generated by org.testng.reporters.JUnitXMLReporter -->
<testsuite ignored="2" hostname="LAPTOP-KAR4A207" failures="0" tests="0" time="0.007" errors="0" timestamp="2024-11-30T13:06:59 IST">
  <testcase classname="Santhosh.tests.StandaloneSeleniumTest" name="OrderHistoryTest" time="0.0">
    <ignored/>
  </testcase> <!-- OrderHistoryTest -->
  <testcase classname="Santhosh.tests.StandaloneSeleniumTest" name="SeleniumTest" time="0.0">
    <ignored/>
  </testcase> <!-- SeleniumTest -->
</testsuite>
